<?xml version="1.0" encoding="UTF-8"?>
<coverage generated="1642499865183" clover="3.2.0">
  <project timestamp="1642499865183" name="All files">
    <metrics statements="7" coveredstatements="5" conditionals="6" coveredconditionals="2" methods="4" coveredmethods="2" elements="17" coveredelements="9" complexity="0" loc="7" ncloc="7" packages="2" files="2" classes="2"/>
    <package name="molecules.NavItems">
      <metrics statements="2" coveredstatements="2" conditionals="0" coveredconditionals="0" methods="1" coveredmethods="1"/>
      <file name="index.tsx" path="S:\BlinkistTyperscript\src\components\molecules\NavItems\index.tsx">
        <metrics statements="2" coveredstatements="2" conditionals="0" coveredconditionals="0" methods="1" coveredmethods="1"/>
        <line num="7" count="1" type="stmt"/>
        <line num="8" count="3" type="stmt"/>
      </file>
    </package>
    <package name="organisms.cards">
      <metrics statements="5" coveredstatements="3" conditionals="6" coveredconditionals="2" methods="3" coveredmethods="1"/>
      <file name="index.tsx" path="S:\BlinkistTyperscript\src\components\organisms\cards\index.tsx">
        <metrics statements="5" coveredstatements="3" conditionals="6" coveredconditionals="2" methods="3" coveredmethods="1"/>
        <line num="24" count="1" type="stmt"/>
        <line num="25" count="4" type="stmt"/>
        <line num="27" count="4" type="stmt"/>
        <line num="49" count="0" type="cond" truecount="0" falsecount="2"/>
        <line num="69" count="0" type="cond" truecount="0" falsecount="2"/>
      </file>
    </package>
  </project>
</coverage>
