{"S:\\BlinkistTyperscript\\src\\components\\molecules\\NavItems\\index.tsx": {"path":"S:\\BlinkistTyperscript\\src\\components\\molecules\\NavItems\\index.tsx","statementMap":{"0":{"start":{"line":7,"column":34},"end":{"line":19,"column":1}},"1":{"start":{"line":8,"column":2},"end":{"line":18,"column":4}}},"fnMap":{"0":{"name":"(anonymous_0)","decl":{"start":{"line":7,"column":34},"end":{"line":7,"column":35}},"loc":{"start":{"line":7,"column":45},"end":{"line":19,"column":1}},"line":7}},"branchMap":{},"s":{"0":1,"1":3},"f":{"0":3},"b":{},"_coverageSchema":"1a1c01bbd47fc00a2c39e90264f33305004495a9","hash":"1a5a0369f4c31a2e9f0c2e32e0427e5ce319d4ee"}
,"S:\\BlinkistTyperscript\\src\\components\\organisms\\cards\\index.tsx": {"path":"S:\\BlinkistTyperscript\\src\\components\\organisms\\cards\\index.tsx","statementMap":{"0":{"start":{"line":24,"column":31},"end":{"line":77,"column":1}},"1":{"start":{"line":25,"column":2},"end":{"line":25,"column":39}},"2":{"start":{"line":27,"column":2},"end":{"line":76,"column":4}},"3":{"start":{"line":64,"column":22},"end":{"line":64,"column":63}},"4":{"start":{"line":64,"column":39},"end":{"line":64,"column":63}}},"fnMap":{"0":{"name":"(anonymous_0)","decl":{"start":{"line":24,"column":31},"end":{"line":24,"column":32}},"loc":{"start":{"line":24,"column":42},"end":{"line":77,"column":1}},"line":24},"1":{"name":"(anonymous_1)","decl":{"start":{"line":63,"column":29},"end":{"line":63,"column":30}},"loc":{"start":{"line":63,"column":35},"end":{"line":65,"column":21}},"line":63}},"branchMap":{"0":{"loc":{"start":{"line":43,"column":17},"end":{"line":69,"column":17}},"type":"cond-expr","locations":[{"start":{"line":44,"column":18},"end":{"line":59,"column":21}},{"start":{"line":61,"column":18},"end":{"line":68,"column":27}}],"line":43},"1":{"loc":{"start":{"line":64,"column":22},"end":{"line":64,"column":63}},"type":"if","locations":[{"start":{"line":64,"column":22},"end":{"line":64,"column":63}},{"start":{},"end":{}}],"line":64}},"s":{"0":2,"1":5,"2":5,"3":2,"4":1},"f":{"0":5,"1":2},"b":{"0":[1,4],"1":[1,1]},"_coverageSchema":"1a1c01bbd47fc00a2c39e90264f33305004495a9","hash":"9711d3f2acd654011d22057c591d2e8e1b04821f"}
}
