{"S:\\BlinkistTyperscript\\src\\components\\MainComponent.tsx": {"path":"S:\\BlinkistTyperscript\\src\\components\\MainComponent.tsx","statementMap":{"0":{"start":{"line":27,"column":32},"end":{"line":110,"column":1}},"1":{"start":{"line":28,"column":32},"end":{"line":28,"column":56}},"2":{"start":{"line":29,"column":2},"end":{"line":34,"column":9}},"3":{"start":{"line":30,"column":4},"end":{"line":33,"column":7}},"4":{"start":{"line":31,"column":6},"end":{"line":31,"column":23}},"5":{"start":{"line":32,"column":6},"end":{"line":32,"column":27}},"6":{"start":{"line":35,"column":21},"end":{"line":49,"column":3}},"7":{"start":{"line":36,"column":4},"end":{"line":48,"column":9}},"8":{"start":{"line":47,"column":8},"end":{"line":47,"column":30}},"9":{"start":{"line":50,"column":23},"end":{"line":66,"column":3}},"10":{"start":{"line":51,"column":4},"end":{"line":65,"column":9}},"11":{"start":{"line":62,"column":8},"end":{"line":62,"column":25}},"12":{"start":{"line":63,"column":8},"end":{"line":63,"column":43}},"13":{"start":{"line":64,"column":8},"end":{"line":64,"column":29}},"14":{"start":{"line":67,"column":2},"end":{"line":109,"column":4}}},"fnMap":{"0":{"name":"(anonymous_0)","decl":{"start":{"line":27,"column":32},"end":{"line":27,"column":33}},"loc":{"start":{"line":27,"column":43},"end":{"line":110,"column":1}},"line":27},"1":{"name":"(anonymous_1)","decl":{"start":{"line":29,"column":12},"end":{"line":29,"column":13}},"loc":{"start":{"line":29,"column":18},"end":{"line":34,"column":3}},"line":29},"2":{"name":"(anonymous_2)","decl":{"start":{"line":30,"column":52},"end":{"line":30,"column":53}},"loc":{"start":{"line":30,"column":61},"end":{"line":33,"column":5}},"line":30},"3":{"name":"(anonymous_3)","decl":{"start":{"line":35,"column":21},"end":{"line":35,"column":22}},"loc":{"start":{"line":35,"column":37},"end":{"line":49,"column":3}},"line":35},"4":{"name":"(anonymous_4)","decl":{"start":{"line":46,"column":12},"end":{"line":46,"column":13}},"loc":{"start":{"line":46,"column":21},"end":{"line":48,"column":7}},"line":46},"5":{"name":"(anonymous_5)","decl":{"start":{"line":50,"column":23},"end":{"line":50,"column":24}},"loc":{"start":{"line":50,"column":39},"end":{"line":66,"column":3}},"line":50},"6":{"name":"(anonymous_6)","decl":{"start":{"line":61,"column":12},"end":{"line":61,"column":13}},"loc":{"start":{"line":61,"column":21},"end":{"line":65,"column":7}},"line":61}},"branchMap":{},"s":{"0":1,"1":2,"2":1,"3":1,"4":1,"5":1,"6":1,"7":0,"8":0,"9":1,"10":0,"11":0,"12":0,"13":0,"14":1},"f":{"0":2,"1":1,"2":1,"3":0,"4":0,"5":0,"6":0},"b":{},"_coverageSchema":"1a1c01bbd47fc00a2c39e90264f33305004495a9","hash":"4d378abb527fc9318b6db2ddfa3befa26bfedb0f"}
,"S:\\BlinkistTyperscript\\src\\components\\molecules\\NavItems\\index.tsx": {"path":"S:\\BlinkistTyperscript\\src\\components\\molecules\\NavItems\\index.tsx","statementMap":{"0":{"start":{"line":7,"column":34},"end":{"line":19,"column":1}},"1":{"start":{"line":8,"column":2},"end":{"line":18,"column":4}}},"fnMap":{"0":{"name":"(anonymous_0)","decl":{"start":{"line":7,"column":34},"end":{"line":7,"column":35}},"loc":{"start":{"line":7,"column":45},"end":{"line":19,"column":1}},"line":7}},"branchMap":{},"s":{"0":3,"1":15},"f":{"0":15},"b":{},"_coverageSchema":"1a1c01bbd47fc00a2c39e90264f33305004495a9","hash":"1a5a0369f4c31a2e9f0c2e32e0427e5ce319d4ee"}
,"S:\\BlinkistTyperscript\\src\\components\\organisms\\Navigation\\index.tsx": {"path":"S:\\BlinkistTyperscript\\src\\components\\organisms\\Navigation\\index.tsx","statementMap":{"0":{"start":{"line":10,"column":29},"end":{"line":40,"column":1}},"1":{"start":{"line":11,"column":43},"end":{"line":11,"column":79}},"2":{"start":{"line":12,"column":2},"end":{"line":12,"column":30}},"3":{"start":{"line":13,"column":2},"end":{"line":39,"column":4}},"4":{"start":{"line":20,"column":27},"end":{"line":20,"column":58}}},"fnMap":{"0":{"name":"(anonymous_0)","decl":{"start":{"line":10,"column":29},"end":{"line":10,"column":30}},"loc":{"start":{"line":10,"column":40},"end":{"line":40,"column":1}},"line":10},"1":{"name":"(anonymous_1)","decl":{"start":{"line":20,"column":21},"end":{"line":20,"column":22}},"loc":{"start":{"line":20,"column":27},"end":{"line":20,"column":58}},"line":20}},"branchMap":{"0":{"loc":{"start":{"line":24,"column":20},"end":{"line":24,"column":76}},"type":"cond-expr","locations":[{"start":{"line":24,"column":37},"end":{"line":24,"column":55}},{"start":{"line":24,"column":58},"end":{"line":24,"column":76}}],"line":24},"1":{"loc":{"start":{"line":37,"column":7},"end":{"line":37,"column":72}},"type":"binary-expr","locations":[{"start":{"line":37,"column":7},"end":{"line":37,"column":21}},{"start":{"line":37,"column":25},"end":{"line":37,"column":72}}],"line":37}},"s":{"0":2,"1":4,"2":4,"3":4,"4":1},"f":{"0":4,"1":1},"b":{"0":[1,3],"1":[4,1]},"_coverageSchema":"1a1c01bbd47fc00a2c39e90264f33305004495a9","hash":"bc4db850e7411669c5a1997787d9e4edf8f393d5"}
,"S:\\BlinkistTyperscript\\src\\components\\organisms\\bookDetail\\index.tsx": {"path":"S:\\BlinkistTyperscript\\src\\components\\organisms\\bookDetail\\index.tsx","statementMap":{"0":{"start":{"line":29,"column":36},"end":{"line":102,"column":1}},"1":{"start":{"line":30,"column":38},"end":{"line":37,"column":4}},"2":{"start":{"line":39,"column":17},"end":{"line":39,"column":28}},"3":{"start":{"line":40,"column":2},"end":{"line":45,"column":9}},"4":{"start":{"line":41,"column":4},"end":{"line":44,"column":7}},"5":{"start":{"line":42,"column":6},"end":{"line":42,"column":23}},"6":{"start":{"line":43,"column":6},"end":{"line":43,"column":30}},"7":{"start":{"line":46,"column":14},"end":{"line":46,"column":67}},"8":{"start":{"line":46,"column":39},"end":{"line":46,"column":43}},"9":{"start":{"line":47,"column":2},"end":{"line":47,"column":29}},"10":{"start":{"line":48,"column":2},"end":{"line":101,"column":4}},"11":{"start":{"line":72,"column":37},"end":{"line":72,"column":65}},"12":{"start":{"line":80,"column":37},"end":{"line":80,"column":67}}},"fnMap":{"0":{"name":"(anonymous_0)","decl":{"start":{"line":29,"column":36},"end":{"line":29,"column":37}},"loc":{"start":{"line":29,"column":47},"end":{"line":102,"column":1}},"line":29},"1":{"name":"(anonymous_1)","decl":{"start":{"line":40,"column":12},"end":{"line":40,"column":13}},"loc":{"start":{"line":40,"column":18},"end":{"line":45,"column":3}},"line":40},"2":{"name":"(anonymous_2)","decl":{"start":{"line":41,"column":56},"end":{"line":41,"column":57}},"loc":{"start":{"line":41,"column":65},"end":{"line":44,"column":5}},"line":41},"3":{"name":"(anonymous_3)","decl":{"start":{"line":46,"column":32},"end":{"line":46,"column":33}},"loc":{"start":{"line":46,"column":39},"end":{"line":46,"column":43}},"line":46},"4":{"name":"(anonymous_4)","decl":{"start":{"line":72,"column":31},"end":{"line":72,"column":32}},"loc":{"start":{"line":72,"column":37},"end":{"line":72,"column":65}},"line":72},"5":{"name":"(anonymous_5)","decl":{"start":{"line":80,"column":31},"end":{"line":80,"column":32}},"loc":{"start":{"line":80,"column":37},"end":{"line":80,"column":67}},"line":80}},"branchMap":{"0":{"loc":{"start":{"line":68,"column":19},"end":{"line":84,"column":19}},"type":"cond-expr","locations":[{"start":{"line":69,"column":20},"end":{"line":75,"column":29}},{"start":{"line":77,"column":20},"end":{"line":83,"column":29}}],"line":68}},"s":{"0":2,"1":11,"2":10,"3":10,"4":5,"5":5,"6":5,"7":10,"8":20,"9":10,"10":10,"11":0,"12":1},"f":{"0":11,"1":5,"2":5,"3":20,"4":0,"5":1},"b":{"0":[0,10]},"_coverageSchema":"1a1c01bbd47fc00a2c39e90264f33305004495a9","hash":"83bf47a8a4af1f3ed6ab969a5ab46664cc6359c1"}
,"S:\\BlinkistTyperscript\\src\\components\\organisms\\cards\\index.tsx": {"path":"S:\\BlinkistTyperscript\\src\\components\\organisms\\cards\\index.tsx","statementMap":{"0":{"start":{"line":24,"column":31},"end":{"line":78,"column":1}},"1":{"start":{"line":25,"column":2},"end":{"line":25,"column":39}},"2":{"start":{"line":27,"column":2},"end":{"line":77,"column":4}},"3":{"start":{"line":65,"column":22},"end":{"line":65,"column":63}},"4":{"start":{"line":65,"column":39},"end":{"line":65,"column":63}}},"fnMap":{"0":{"name":"(anonymous_0)","decl":{"start":{"line":24,"column":31},"end":{"line":24,"column":32}},"loc":{"start":{"line":24,"column":42},"end":{"line":78,"column":1}},"line":24},"1":{"name":"(anonymous_1)","decl":{"start":{"line":64,"column":29},"end":{"line":64,"column":30}},"loc":{"start":{"line":64,"column":35},"end":{"line":66,"column":21}},"line":64}},"branchMap":{"0":{"loc":{"start":{"line":43,"column":17},"end":{"line":70,"column":17}},"type":"cond-expr","locations":[{"start":{"line":44,"column":18},"end":{"line":59,"column":21}},{"start":{"line":61,"column":18},"end":{"line":69,"column":27}}],"line":43},"1":{"loc":{"start":{"line":65,"column":22},"end":{"line":65,"column":63}},"type":"if","locations":[{"start":{"line":65,"column":22},"end":{"line":65,"column":63}},{"start":{},"end":{}}],"line":65}},"s":{"0":4,"1":17,"2":15,"3":3,"4":2},"f":{"0":17,"1":3},"b":{"0":[8,7],"1":[2,1]},"_coverageSchema":"1a1c01bbd47fc00a2c39e90264f33305004495a9","hash":"8b34733954746bd7586cfc8754e110f505451b09"}
,"S:\\BlinkistTyperscript\\src\\components\\organisms\\cardsGrid\\index.tsx": {"path":"S:\\BlinkistTyperscript\\src\\components\\organisms\\cardsGrid\\index.tsx","statementMap":{"0":{"start":{"line":27,"column":34},"end":{"line":60,"column":1}},"1":{"start":{"line":28,"column":28},"end":{"line":28,"column":48}},"2":{"start":{"line":29,"column":24},"end":{"line":33,"column":3}},"3":{"start":{"line":30,"column":19},"end":{"line":30,"column":65}},"4":{"start":{"line":31,"column":4},"end":{"line":31,"column":24}},"5":{"start":{"line":32,"column":4},"end":{"line":32,"column":23}},"6":{"start":{"line":34,"column":2},"end":{"line":40,"column":9}},"7":{"start":{"line":35,"column":20},"end":{"line":38,"column":5}},"8":{"start":{"line":36,"column":21},"end":{"line":36,"column":42}},"9":{"start":{"line":37,"column":6},"end":{"line":37,"column":25}},"10":{"start":{"line":39,"column":4},"end":{"line":39,"column":14}},"11":{"start":{"line":42,"column":2},"end":{"line":59,"column":4}},"12":{"start":{"line":45,"column":8},"end":{"line":45,"column":31}},"13":{"start":{"line":46,"column":26},"end":{"line":46,"column":28}},"14":{"start":{"line":47,"column":8},"end":{"line":47,"column":70}},"15":{"start":{"line":47,"column":47},"end":{"line":47,"column":51}},"16":{"start":{"line":49,"column":8},"end":{"line":56,"column":10}},"17":{"start":{"line":53,"column":25},"end":{"line":53,"column":49}}},"fnMap":{"0":{"name":"(anonymous_0)","decl":{"start":{"line":27,"column":34},"end":{"line":27,"column":35}},"loc":{"start":{"line":27,"column":45},"end":{"line":60,"column":1}},"line":27},"1":{"name":"(anonymous_1)","decl":{"start":{"line":29,"column":24},"end":{"line":29,"column":25}},"loc":{"start":{"line":29,"column":36},"end":{"line":33,"column":3}},"line":29},"2":{"name":"(anonymous_2)","decl":{"start":{"line":34,"column":12},"end":{"line":34,"column":13}},"loc":{"start":{"line":34,"column":18},"end":{"line":40,"column":3}},"line":34},"3":{"name":"(anonymous_3)","decl":{"start":{"line":35,"column":20},"end":{"line":35,"column":21}},"loc":{"start":{"line":35,"column":32},"end":{"line":38,"column":5}},"line":35},"4":{"name":"(anonymous_4)","decl":{"start":{"line":44,"column":17},"end":{"line":44,"column":18}},"loc":{"start":{"line":44,"column":27},"end":{"line":57,"column":7}},"line":44},"5":{"name":"(anonymous_5)","decl":{"start":{"line":47,"column":40},"end":{"line":47,"column":41}},"loc":{"start":{"line":47,"column":47},"end":{"line":47,"column":51}},"line":47},"6":{"name":"(anonymous_6)","decl":{"start":{"line":53,"column":19},"end":{"line":53,"column":20}},"loc":{"start":{"line":53,"column":25},"end":{"line":53,"column":49}},"line":53}},"branchMap":{},"s":{"0":2,"1":7,"2":6,"3":3,"4":3,"5":3,"6":6,"7":3,"8":3,"9":3,"10":3,"11":6,"12":6,"13":6,"14":6,"15":6,"16":6,"17":1},"f":{"0":7,"1":3,"2":3,"3":3,"4":6,"5":6,"6":1},"b":{},"_coverageSchema":"1a1c01bbd47fc00a2c39e90264f33305004495a9","hash":"539428b5ac9c050991d45e589ad85df3b9b4c3e6"}
,"S:\\BlinkistTyperscript\\src\\components\\organisms\\dropdown\\index.tsx": {"path":"S:\\BlinkistTyperscript\\src\\components\\organisms\\dropdown\\index.tsx","statementMap":{"0":{"start":{"line":7,"column":44},"end":{"line":180,"column":1}},"1":{"start":{"line":8,"column":2},"end":{"line":179,"column":4}},"2":{"start":{"line":26,"column":35},"end":{"line":26,"column":55}},"3":{"start":{"line":126,"column":33},"end":{"line":126,"column":53}}},"fnMap":{"0":{"name":"(anonymous_0)","decl":{"start":{"line":7,"column":44},"end":{"line":7,"column":45}},"loc":{"start":{"line":7,"column":55},"end":{"line":180,"column":1}},"line":7},"1":{"name":"(anonymous_1)","decl":{"start":{"line":26,"column":29},"end":{"line":26,"column":30}},"loc":{"start":{"line":26,"column":35},"end":{"line":26,"column":55}},"line":26},"2":{"name":"(anonymous_2)","decl":{"start":{"line":126,"column":27},"end":{"line":126,"column":28}},"loc":{"start":{"line":126,"column":33},"end":{"line":126,"column":53}},"line":126}},"branchMap":{},"s":{"0":3,"1":3,"2":1,"3":1},"f":{"0":3,"1":1,"2":1},"b":{},"_coverageSchema":"1a1c01bbd47fc00a2c39e90264f33305004495a9","hash":"f18ac12bcaf8495e0af6a9198226e063394f09bf"}
,"S:\\BlinkistTyperscript\\src\\components\\organisms\\library\\index.tsx": {"path":"S:\\BlinkistTyperscript\\src\\components\\organisms\\library\\index.tsx","statementMap":{"0":{"start":{"line":28,"column":33},"end":{"line":111,"column":1}},"1":{"start":{"line":29,"column":34},"end":{"line":29,"column":53}},"2":{"start":{"line":30,"column":32},"end":{"line":30,"column":56}},"3":{"start":{"line":31,"column":33},"end":{"line":31,"column":35}},"4":{"start":{"line":33,"column":34},"end":{"line":33,"column":36}},"5":{"start":{"line":34,"column":2},"end":{"line":37,"column":3}},"6":{"start":{"line":35,"column":4},"end":{"line":35,"column":71}},"7":{"start":{"line":35,"column":44},"end":{"line":35,"column":69}},"8":{"start":{"line":36,"column":4},"end":{"line":36,"column":71}},"9":{"start":{"line":36,"column":45},"end":{"line":36,"column":69}},"10":{"start":{"line":39,"column":2},"end":{"line":39,"column":40}},"11":{"start":{"line":41,"column":2},"end":{"line":41,"column":42}},"12":{"start":{"line":42,"column":2},"end":{"line":55,"column":3}},"13":{"start":{"line":43,"column":4},"end":{"line":54,"column":7}},"14":{"start":{"line":44,"column":24},"end":{"line":44,"column":26}},"15":{"start":{"line":45,"column":6},"end":{"line":45,"column":62}},"16":{"start":{"line":45,"column":39},"end":{"line":45,"column":43}},"17":{"start":{"line":46,"column":6},"end":{"line":53,"column":8}},"18":{"start":{"line":56,"column":2},"end":{"line":69,"column":3}},"19":{"start":{"line":57,"column":4},"end":{"line":68,"column":7}},"20":{"start":{"line":58,"column":24},"end":{"line":58,"column":26}},"21":{"start":{"line":59,"column":6},"end":{"line":59,"column":62}},"22":{"start":{"line":59,"column":39},"end":{"line":59,"column":43}},"23":{"start":{"line":60,"column":6},"end":{"line":67,"column":8}},"24":{"start":{"line":70,"column":2},"end":{"line":70,"column":28}},"25":{"start":{"line":71,"column":2},"end":{"line":71,"column":29}},"26":{"start":{"line":72,"column":2},"end":{"line":77,"column":9}},"27":{"start":{"line":73,"column":4},"end":{"line":76,"column":7}},"28":{"start":{"line":74,"column":6},"end":{"line":74,"column":28}},"29":{"start":{"line":75,"column":6},"end":{"line":75,"column":27}},"30":{"start":{"line":78,"column":2},"end":{"line":110,"column":4}},"31":{"start":{"line":88,"column":27},"end":{"line":88,"column":47}},"32":{"start":{"line":99,"column":27},"end":{"line":99,"column":48}}},"fnMap":{"0":{"name":"(anonymous_0)","decl":{"start":{"line":28,"column":33},"end":{"line":28,"column":34}},"loc":{"start":{"line":28,"column":44},"end":{"line":111,"column":1}},"line":28},"1":{"name":"(anonymous_1)","decl":{"start":{"line":35,"column":34},"end":{"line":35,"column":35}},"loc":{"start":{"line":35,"column":44},"end":{"line":35,"column":69}},"line":35},"2":{"name":"(anonymous_2)","decl":{"start":{"line":36,"column":35},"end":{"line":36,"column":36}},"loc":{"start":{"line":36,"column":45},"end":{"line":36,"column":69}},"line":36},"3":{"name":"(anonymous_3)","decl":{"start":{"line":43,"column":38},"end":{"line":43,"column":39}},"loc":{"start":{"line":43,"column":48},"end":{"line":54,"column":5}},"line":43},"4":{"name":"(anonymous_4)","decl":{"start":{"line":45,"column":32},"end":{"line":45,"column":33}},"loc":{"start":{"line":45,"column":39},"end":{"line":45,"column":43}},"line":45},"5":{"name":"(anonymous_5)","decl":{"start":{"line":57,"column":41},"end":{"line":57,"column":42}},"loc":{"start":{"line":57,"column":51},"end":{"line":68,"column":5}},"line":57},"6":{"name":"(anonymous_6)","decl":{"start":{"line":59,"column":32},"end":{"line":59,"column":33}},"loc":{"start":{"line":59,"column":39},"end":{"line":59,"column":43}},"line":59},"7":{"name":"(anonymous_7)","decl":{"start":{"line":72,"column":12},"end":{"line":72,"column":13}},"loc":{"start":{"line":72,"column":18},"end":{"line":77,"column":3}},"line":72},"8":{"name":"(anonymous_8)","decl":{"start":{"line":73,"column":52},"end":{"line":73,"column":53}},"loc":{"start":{"line":73,"column":61},"end":{"line":76,"column":5}},"line":73},"9":{"name":"(anonymous_9)","decl":{"start":{"line":88,"column":21},"end":{"line":88,"column":22}},"loc":{"start":{"line":88,"column":27},"end":{"line":88,"column":47}},"line":88},"10":{"name":"(anonymous_10)","decl":{"start":{"line":99,"column":21},"end":{"line":99,"column":22}},"loc":{"start":{"line":99,"column":27},"end":{"line":99,"column":48}},"line":99}},"branchMap":{"0":{"loc":{"start":{"line":34,"column":2},"end":{"line":37,"column":3}},"type":"if","locations":[{"start":{"line":34,"column":2},"end":{"line":37,"column":3}},{"start":{},"end":{}}],"line":34},"1":{"loc":{"start":{"line":42,"column":2},"end":{"line":55,"column":3}},"type":"if","locations":[{"start":{"line":42,"column":2},"end":{"line":55,"column":3}},{"start":{},"end":{}}],"line":42},"2":{"loc":{"start":{"line":56,"column":2},"end":{"line":69,"column":3}},"type":"if","locations":[{"start":{"line":56,"column":2},"end":{"line":69,"column":3}},{"start":{},"end":{}}],"line":56},"3":{"loc":{"start":{"line":86,"column":14},"end":{"line":86,"column":77}},"type":"cond-expr","locations":[{"start":{"line":86,"column":41},"end":{"line":86,"column":65}},{"start":{"line":86,"column":68},"end":{"line":86,"column":77}}],"line":86},"4":{"loc":{"start":{"line":97,"column":14},"end":{"line":97,"column":78}},"type":"cond-expr","locations":[{"start":{"line":97,"column":42},"end":{"line":97,"column":66}},{"start":{"line":97,"column":69},"end":{"line":97,"column":78}}],"line":97},"5":{"loc":{"start":{"line":107,"column":9},"end":{"line":107,"column":69}},"type":"cond-expr","locations":[{"start":{"line":107,"column":36},"end":{"line":107,"column":50}},{"start":{"line":107,"column":53},"end":{"line":107,"column":69}}],"line":107}},"s":{"0":2,"1":16,"2":14,"3":14,"4":14,"5":14,"6":5,"7":10,"8":5,"9":10,"10":10,"11":10,"12":10,"13":5,"14":5,"15":5,"16":10,"17":5,"18":10,"19":5,"20":5,"21":5,"22":10,"23":5,"24":10,"25":10,"26":10,"27":5,"28":5,"29":5,"30":10,"31":1,"32":1},"f":{"0":16,"1":10,"2":10,"3":5,"4":10,"5":5,"6":10,"7":5,"8":5,"9":1,"10":1},"b":{"0":[5,5],"1":[5,5],"2":[5,5],"3":[9,1],"4":[1,9],"5":[9,1]},"_coverageSchema":"1a1c01bbd47fc00a2c39e90264f33305004495a9","hash":"479c4cccc3970706c650f67bdb204c4fb33dfb5a"}
}
