TN:
SF:src\App.tsx
FN:4,(anonymous_0)
FNF:1
FNH:0
FNDA:0,(anonymous_0)
DA:4,0
DA:5,0
LF:2
LH:0
BRF:0
BRH:0
end_of_record
TN:
SF:src\index.tsx
FNF:0
FNH:0
DA:9,0
DA:19,0
LF:2
LH:0
BRF:0
BRH:0
end_of_record
TN:
SF:src\reportWebVitals.ts
FN:3,(anonymous_0)
FN:5,(anonymous_1)
FNF:2
FNH:0
FNDA:0,(anonymous_0)
FNDA:0,(anonymous_1)
DA:3,0
DA:4,0
DA:5,0
DA:6,0
DA:7,0
DA:8,0
DA:9,0
DA:10,0
LF:8
LH:0
BRDA:4,0,0,0
BRDA:4,0,1,0
BRDA:4,1,0,0
BRDA:4,1,1,0
BRF:4
BRH:0
end_of_record
TN:
SF:src\components\MainComponent.tsx
FN:27,(anonymous_0)
FN:29,(anonymous_1)
FN:31,(anonymous_2)
FN:34,(anonymous_3)
FN:39,(anonymous_4)
FN:54,(anonymous_5)
FN:55,(anonymous_6)
FN:59,(anonymous_7)
FN:74,(anonymous_8)
FN:75,(anonymous_9)
FNF:10
FNH:0
FNDA:0,(anonymous_0)
FNDA:0,(anonymous_1)
FNDA:0,(anonymous_2)
FNDA:0,(anonymous_3)
FNDA:0,(anonymous_4)
FNDA:0,(anonymous_5)
FNDA:0,(anonymous_6)
FNDA:0,(anonymous_7)
FNDA:0,(anonymous_8)
FNDA:0,(anonymous_9)
DA:27,0
DA:28,0
DA:29,0
DA:30,0
DA:32,0
DA:35,0
DA:36,0
DA:39,0
DA:40,0
DA:53,0
DA:54,0
DA:56,0
DA:59,0
DA:60,0
DA:73,0
DA:74,0
DA:76,0
DA:77,0
DA:78,0
DA:81,0
LF:20
LH:0
BRF:0
BRH:0
end_of_record
TN:
SF:src\components\molecules\NavItems\index.tsx
FN:7,(anonymous_0)
FNF:1
FNH:0
FNDA:0,(anonymous_0)
DA:7,0
DA:8,0
LF:2
LH:0
BRF:0
BRH:0
end_of_record
TN:
SF:src\components\organisms\Navigation\index.tsx
FN:10,(anonymous_0)
FN:18,(anonymous_1)
FNF:2
FNH:0
FNDA:0,(anonymous_0)
FNDA:0,(anonymous_1)
DA:10,0
DA:11,0
DA:12,0
DA:13,0
DA:18,0
LF:5
LH:0
BRDA:21,0,0,0
BRDA:21,0,1,0
BRDA:34,1,0,0
BRDA:34,1,1,0
BRF:4
BRH:0
end_of_record
TN:
SF:src\components\organisms\bookDetail\index.tsx
FN:28,(anonymous_0)
FN:39,(anonymous_1)
FN:41,(anonymous_2)
FN:42,(anonymous_3)
FN:47,(anonymous_4)
FN:72,(anonymous_5)
FN:79,(anonymous_6)
FNF:7
FNH:0
FNDA:0,(anonymous_0)
FNDA:0,(anonymous_1)
FNDA:0,(anonymous_2)
FNDA:0,(anonymous_3)
FNDA:0,(anonymous_4)
FNDA:0,(anonymous_5)
FNDA:0,(anonymous_6)
DA:28,0
DA:29,0
DA:38,0
DA:39,0
DA:40,0
DA:41,0
DA:43,0
DA:44,0
DA:47,0
DA:48,0
DA:49,0
DA:72,0
DA:79,0
LF:13
LH:0
BRDA:69,0,0,0
BRDA:69,0,1,0
BRF:2
BRH:0
end_of_record
TN:
SF:src\components\organisms\cards\index.tsx
FN:24,(anonymous_0)
FN:48,(anonymous_1)
FN:68,(anonymous_2)
FNF:3
FNH:0
FNDA:0,(anonymous_0)
FNDA:0,(anonymous_1)
FNDA:0,(anonymous_2)
DA:24,0
DA:25,0
DA:27,0
DA:49,0
DA:69,0
LF:5
LH:0
BRDA:43,0,0,0
BRDA:43,0,1,0
BRDA:49,1,0,0
BRDA:49,1,1,0
BRDA:69,2,0,0
BRDA:69,2,1,0
BRF:6
BRH:0
end_of_record
TN:
SF:src\components\organisms\cardsGrid\index.tsx
FN:26,(anonymous_0)
FN:29,(anonymous_1)
FN:31,(anonymous_2)
FN:34,(anonymous_3)
FN:42,(anonymous_4)
FN:44,(anonymous_5)
FN:50,(anonymous_6)
FNF:7
FNH:0
FNDA:0,(anonymous_0)
FNDA:0,(anonymous_1)
FNDA:0,(anonymous_2)
FNDA:0,(anonymous_3)
FNDA:0,(anonymous_4)
FNDA:0,(anonymous_5)
FNDA:0,(anonymous_6)
DA:26,0
DA:27,0
DA:29,0
DA:30,0
DA:32,0
DA:35,0
DA:36,0
DA:40,0
DA:43,0
DA:44,0
DA:46,0
DA:50,0
LF:12
LH:0
BRF:0
BRH:0
end_of_record
TN:
SF:src\components\organisms\dropdown\index.tsx
FN:7,(anonymous_0)
FN:23,(anonymous_1)
FN:119,(anonymous_2)
FNF:3
FNH:0
FNDA:0,(anonymous_0)
FNDA:0,(anonymous_1)
FNDA:0,(anonymous_2)
DA:7,0
DA:8,0
DA:23,0
DA:119,0
LF:4
LH:0
BRF:0
BRH:0
end_of_record
TN:
SF:src\components\organisms\library\index.tsx
FN:28,(anonymous_0)
FN:31,(anonymous_1)
FN:32,(anonymous_2)
FN:38,(anonymous_3)
FN:40,(anonymous_4)
FN:52,(anonymous_5)
FN:54,(anonymous_6)
FN:67,(anonymous_7)
FN:69,(anonymous_8)
FN:72,(anonymous_9)
FN:86,(anonymous_10)
FN:96,(anonymous_11)
FNF:12
FNH:0
FNDA:0,(anonymous_0)
FNDA:0,(anonymous_1)
FNDA:0,(anonymous_2)
FNDA:0,(anonymous_3)
FNDA:0,(anonymous_4)
FNDA:0,(anonymous_5)
FNDA:0,(anonymous_6)
FNDA:0,(anonymous_7)
FNDA:0,(anonymous_8)
FNDA:0,(anonymous_9)
FNDA:0,(anonymous_10)
FNDA:0,(anonymous_11)
DA:28,0
DA:29,0
DA:30,0
DA:31,0
DA:32,0
DA:34,0
DA:36,0
DA:37,0
DA:38,0
DA:39,0
DA:40,0
DA:41,0
DA:51,0
DA:52,0
DA:53,0
DA:54,0
DA:55,0
DA:65,0
DA:66,0
DA:67,0
DA:68,0
DA:70,0
DA:73,0
DA:74,0
DA:77,0
DA:86,0
DA:96,0
LF:27
LH:0
BRDA:37,0,0,0
BRDA:37,0,1,0
BRDA:51,1,0,0
BRDA:51,1,1,0
BRDA:84,2,0,0
BRDA:84,2,1,0
BRDA:94,3,0,0
BRDA:94,3,1,0
BRDA:104,4,0,0
BRDA:104,4,1,0
BRF:10
BRH:0
end_of_record
