TN:
SF:src\components\molecules\NavItems\index.tsx
FN:7,(anonymous_0)
FNF:1
FNH:1
FNDA:12,(anonymous_0)
DA:7,2
DA:8,12
LF:2
LH:2
BRF:0
BRH:0
end_of_record
TN:
SF:src\components\organisms\Navigation\index.tsx
FN:10,(anonymous_0)
FN:20,(anonymous_1)
FNF:2
FNH:2
FNDA:3,(anonymous_0)
FNDA:1,(anonymous_1)
DA:10,1
DA:11,3
DA:12,3
DA:13,3
DA:20,1
LF:5
LH:5
BRDA:24,0,0,1
BRDA:24,0,1,2
BRDA:37,1,0,3
BRDA:37,1,1,1
BRF:4
BRH:4
end_of_record
TN:
SF:src\components\organisms\cards\index.tsx
FN:24,(anonymous_0)
FN:63,(anonymous_1)
FNF:2
FNH:2
FNDA:5,(anonymous_0)
FNDA:2,(anonymous_1)
DA:24,2
DA:25,5
DA:27,5
DA:64,2
LF:4
LH:4
BRDA:43,0,0,1
BRDA:43,0,1,4
BRDA:64,1,0,1
BRDA:64,1,1,1
BRF:4
BRH:4
end_of_record
TN:
SF:src\components\organisms\dropdown\index.tsx
FN:7,(anonymous_0)
FN:23,(anonymous_1)
FN:119,(anonymous_2)
FNF:3
FNH:1
FNDA:2,(anonymous_0)
FNDA:0,(anonymous_1)
FNDA:0,(anonymous_2)
DA:7,2
DA:8,2
DA:23,0
DA:119,0
LF:4
LH:2
BRF:0
BRH:0
end_of_record
TN:
SF:src\components\organisms\library\index.tsx
FN:28,(anonymous_0)
FN:31,(anonymous_1)
FN:32,(anonymous_2)
FN:38,(anonymous_3)
FN:40,(anonymous_4)
FN:52,(anonymous_5)
FN:54,(anonymous_6)
FN:67,(anonymous_7)
FN:69,(anonymous_8)
FN:72,(anonymous_9)
FN:86,(anonymous_10)
FN:96,(anonymous_11)
FNF:12
FNH:2
FNDA:3,(anonymous_0)
FNDA:0,(anonymous_1)
FNDA:0,(anonymous_2)
FNDA:0,(anonymous_3)
FNDA:0,(anonymous_4)
FNDA:0,(anonymous_5)
FNDA:0,(anonymous_6)
FNDA:2,(anonymous_7)
FNDA:0,(anonymous_8)
FNDA:0,(anonymous_9)
FNDA:0,(anonymous_10)
FNDA:0,(anonymous_11)
DA:28,1
DA:29,3
DA:30,2
DA:31,2
DA:32,2
DA:34,2
DA:36,2
DA:37,2
DA:38,0
DA:39,0
DA:40,0
DA:41,0
DA:51,2
DA:52,0
DA:53,0
DA:54,0
DA:55,0
DA:65,2
DA:66,2
DA:67,2
DA:68,2
DA:70,0
DA:73,0
DA:74,0
DA:77,2
DA:86,0
DA:96,0
LF:27
LH:14
BRDA:37,0,0,0
BRDA:37,0,1,2
BRDA:51,1,0,0
BRDA:51,1,1,2
BRDA:84,2,0,2
BRDA:84,2,1,0
BRDA:94,3,0,0
BRDA:94,3,1,2
BRDA:104,4,0,2
BRDA:104,4,1,0
BRF:10
BRH:5
end_of_record
